# JRE version: OpenJDK Runtime Environment (8.0_152-b02) (build 1.8.0_152-release-1024-b02)
# Java VM: OpenJDK 64-Bit Server VM (25.152-b02 mixed mode windows-amd64 compressed oops)
Heap:
 PSYoungGen      total 88064K, used 14762K [0x00000000e0000000, 0x00000000e6000000, 0x0000000100000000)
  eden space 77824K, 5% used [0x00000000e0000000,0x00000000e046f588,0x00000000e4c00000)
  from space 10240K, 99% used [0x00000000e5600000,0x00000000e5ffb380,0x00000000e6000000)
  to   space 4608K, 0% used [0x00000000e4c80000,0x00000000e4c80000,0x00000000e5100000)
 ParOldGen       total 64000K, used 19488K [0x00000000a0000000, 0x00000000a3e80000, 0x00000000e0000000)
  object space 64000K, 30% used [0x00000000a0000000,0x00000000a1308380,0x00000000a3e80000)
 Metaspace       used 42458K, capacity 43576K, committed 43904K, reserved 1087488K
  class space    used 5838K, capacity 6166K, committed 6272K, reserved 1048576K
GC Heap History (10 events):
Event: 42.950 GC heap before
{Heap before GC invocations=10 (full 1):
 PSYoungGen      total 62976K, used 59364K [0x00000000e0000000, 0x00000000e4780000, 0x0000000100000000)
  eden space 53760K, 100% used [0x00000000e0000000,0x00000000e3480000,0x00000000e3480000)
  from space 9216K, 60% used [0x00000000e3e80000,0x00000000e43f9330,0x00000000e4780000)
  to   space 9728K, 0% used [0x00000000e3480000,0x00000000e3480000,0x00000000e3e00000)
 ParOldGen       total 44544K, used 9543K [0x00000000a0000000, 0x00000000a2b80000, 0x00000000e0000000)
  object space 44544K, 21% used [0x00000000a0000000,0x00000000a0951d48,0x00000000a2b80000)
 Metaspace       used 30663K, capacity 31406K, committed 31488K, reserved 1077248K
  class space    used 4307K, capacity 4555K, committed 4608K, reserved 1048576K
Event: 42.964 GC heap after
Heap after GC invocations=10 (full 1):
 PSYoungGen      total 63488K, used 8171K [0x00000000e0000000, 0x00000000e6480000, 0x0000000100000000)
  eden space 53760K, 0% used [0x00000000e0000000,0x00000000e0000000,0x00000000e3480000)
  from space 9728K, 83% used [0x00000000e3480000,0x00000000e3c7ad40,0x00000000e3e00000)
  to   space 10752K, 0% used [0x00000000e5a00000,0x00000000e5a00000,0x00000000e6480000)
 ParOldGen       total 44544K, used 11143K [0x00000000a0000000, 0x00000000a2b80000, 0x00000000e0000000)
  object space 44544K, 25% used [0x00000000a0000000,0x00000000a0ae1ef8,0x00000000a2b80000)
 Metaspace       used 30663K, capacity 31406K, committed 31488K, reserved 1077248K
  class space    used 4307K, capacity 4555K, committed 4608K, reserved 1048576K
}
Event: 50.608 GC heap before
{Heap before GC invocations=11 (full 1):
 PSYoungGen      total 63488K, used 32715K [0x00000000e0000000, 0x00000000e6480000, 0x0000000100000000)
  eden space 53760K, 45% used [0x00000000e0000000,0x00000000e17f8200,0x00000000e3480000)
  from space 9728K, 83% used [0x00000000e3480000,0x00000000e3c7ad40,0x00000000e3e00000)
  to   space 10752K, 0% used [0x00000000e5a00000,0x00000000e5a00000,0x00000000e6480000)
 ParOldGen       total 44544K, used 11143K [0x00000000a0000000, 0x00000000a2b80000, 0x00000000e0000000)
  object space 44544K, 25% used [0x00000000a0000000,0x00000000a0ae1ef8,0x00000000a2b80000)
 Metaspace       used 34519K, capacity 35326K, committed 35416K, reserved 1079296K
  class space    used 4833K, capacity 5100K, committed 5120K, reserved 1048576K
Event: 50.619 GC heap after
Heap after GC invocations=11 (full 1):
 PSYoungGen      total 58880K, used 6626K [0x00000000e0000000, 0x00000000e6080000, 0x0000000100000000)
  eden space 52224K, 0% used [0x00000000e0000000,0x00000000e0000000,0x00000000e3300000)
  from space 6656K, 99% used [0x00000000e5a00000,0x00000000e6078830,0x00000000e6080000)
  to   space 10240K, 0% used [0x00000000e4c80000,0x00000000e4c80000,0x00000000e5680000)
 ParOldGen       total 44544K, used 13796K [0x00000000a0000000, 0x00000000a2b80000, 0x00000000e0000000)
  object space 44544K, 30% used [0x00000000a0000000,0x00000000a0d79388,0x00000000a2b80000)
 Metaspace       used 34519K, capacity 35326K, committed 35416K, reserved 1079296K
  class space    used 4833K, capacity 5100K, committed 5120K, reserved 1048576K
}
Event: 50.619 GC heap before
{Heap before GC invocations=12 (full 2):
 PSYoungGen      total 58880K, used 6626K [0x00000000e0000000, 0x00000000e6080000, 0x0000000100000000)
  eden space 52224K, 0% used [0x00000000e0000000,0x00000000e0000000,0x00000000e3300000)
  from space 6656K, 99% used [0x00000000e5a00000,0x00000000e6078830,0x00000000e6080000)
  to   space 10240K, 0% used [0x00000000e4c80000,0x00000000e4c80000,0x00000000e5680000)
 ParOldGen       total 44544K, used 13796K [0x00000000a0000000, 0x00000000a2b80000, 0x00000000e0000000)
  object space 44544K, 30% used [0x00000000a0000000,0x00000000a0d79388,0x00000000a2b80000)
 Metaspace       used 34519K, capacity 35326K, committed 35416K, reserved 1079296K
  class space    used 4833K, capacity 5100K, committed 5120K, reserved 1048576K
Event: 50.721 GC heap after
Heap after GC invocations=12 (full 2):
 PSYoungGen      total 58880K, used 0K [0x00000000e0000000, 0x00000000e6080000, 0x0000000100000000)
  eden space 52224K, 0% used [0x00000000e0000000,0x00000000e0000000,0x00000000e3300000)
  from space 6656K, 0% used [0x00000000e5a00000,0x00000000e5a00000,0x00000000e6080000)
  to   space 10240K, 0% used [0x00000000e4c80000,0x00000000e4c80000,0x00000000e5680000)
 ParOldGen       total 64000K, used 17592K [0x00000000a0000000, 0x00000000a3e80000, 0x00000000e0000000)
  object space 64000K, 27% used [0x00000000a0000000,0x00000000a112e350,0x00000000a3e80000)
 Metaspace       used 34519K, capacity 35326K, committed 35416K, reserved 1079296K
  class space    used 4833K, capacity 5100K, committed 5120K, reserved 1048576K
}
Event: 51.780 GC heap before
{Heap before GC invocations=13 (full 2):
 PSYoungGen      total 58880K, used 52224K [0x00000000e0000000, 0x00000000e6080000, 0x0000000100000000)
  eden space 52224K, 100% used [0x00000000e0000000,0x00000000e3300000,0x00000000e3300000)
  from space 6656K, 0% used [0x00000000e5a00000,0x00000000e5a00000,0x00000000e6080000)
  to   space 10240K, 0% used [0x00000000e4c80000,0x00000000e4c80000,0x00000000e5680000)
 ParOldGen       total 64000K, used 17592K [0x00000000a0000000, 0x00000000a3e80000, 0x00000000e0000000)
  object space 64000K, 27% used [0x00000000a0000000,0x00000000a112e350,0x00000000a3e80000)
 Metaspace       used 37618K, capacity 38454K, committed 38784K, reserved 1083392K
  class space    used 5177K, capacity 5440K, committed 5504K, reserved 1048576K
Event: 51.851 GC heap after
Heap after GC invocations=13 (full 2):
 PSYoungGen      total 82432K, used 4549K [0x00000000e0000000, 0x00000000e6000000, 0x0000000100000000)
  eden space 77824K, 0% used [0x00000000e0000000,0x00000000e0000000,0x00000000e4c00000)
  from space 4608K, 98% used [0x00000000e4c80000,0x00000000e50f1498,0x00000000e5100000)
  to   space 10240K, 0% used [0x00000000e5600000,0x00000000e5600000,0x00000000e6000000)
 ParOldGen       total 64000K, used 17592K [0x00000000a0000000, 0x00000000a3e80000, 0x00000000e0000000)
  object space 64000K, 27% used [0x00000000a0000000,0x00000000a112e350,0x00000000a3e80000)
 Metaspace       used 37618K, capacity 38454K, committed 38784K, reserved 1083392K
  class space    used 5177K, capacity 5440K, committed 5504K, reserved 1048576K
}
Event: 53.530 GC heap before
{Heap before GC invocations=14 (full 2):
 PSYoungGen      total 82432K, used 82373K [0x00000000e0000000, 0x00000000e6000000, 0x0000000100000000)
  eden space 77824K, 100% used [0x00000000e0000000,0x00000000e4c00000,0x00000000e4c00000)
  from space 4608K, 98% used [0x00000000e4c80000,0x00000000e50f1498,0x00000000e5100000)
  to   space 10240K, 0% used [0x00000000e5600000,0x00000000e5600000,0x00000000e6000000)
 ParOldGen       total 64000K, used 17592K [0x00000000a0000000, 0x00000000a3e80000, 0x00000000e0000000)
  object space 64000K, 27% used [0x00000000a0000000,0x00000000a112e350,0x00000000a3e80000)
 Metaspace       used 41954K, capacity 43064K, committed 43264K, reserved 1087488K
  class space    used 5768K, capacity 6128K, committed 6144K, reserved 1048576K
Event: 53.548 GC heap after
Heap after GC invocations=14 (full 2):
 PSYoungGen      total 88064K, used 10220K [0x00000000e0000000, 0x00000000e6000000, 0x0000000100000000)
  eden space 77824K, 0% used [0x00000000e0000000,0x00000000e0000000,0x00000000e4c00000)
  from space 10240K, 99% used [0x00000000e5600000,0x00000000e5ffb380,0x00000000e6000000)
  to   space 4608K, 0% used [0x00000000e4c80000,0x00000000e4c80000,0x00000000e5100000)
 ParOldGen       total 64000K, used 19488K [0x00000000a0000000, 0x00000000a3e80000, 0x00000000e0000000)
  object space 64000K, 30% used [0x00000000a0000000,0x00000000a1308380,0x00000000a3e80000)
 Metaspace       used 41954K, capacity 43064K, committed 43264K, reserved 1087488K
  class space    used 5768K, capacity 6128K, committed 6144K, reserved 1048576K
}

