# JRE version: OpenJDK Runtime Environment (8.0_152-b02) (build 1.8.0_152-release-1024-b02)
# Java VM: OpenJDK 64-Bit Server VM (25.152-b02 mixed mode windows-amd64 compressed oops)
Heap:
 PSYoungGen      total 193024K, used 82387K [0x00000000e0000000, 0x00000000ec980000, 0x0000000100000000)
  eden space 179712K, 45% used [0x00000000e0000000,0x00000000e504cf18,0x00000000eaf80000)
  from space 13312K, 1% used [0x00000000eaf80000,0x00000000eafa8000,0x00000000ebc80000)
  to   space 7168K, 0% used [0x00000000ec280000,0x00000000ec280000,0x00000000ec980000)
 ParOldGen       total 78848K, used 27396K [0x00000000a0000000, 0x00000000a4d00000, 0x00000000e0000000)
  object space 78848K, 34% used [0x00000000a0000000,0x00000000a1ac1198,0x00000000a4d00000)
 Metaspace       used 42483K, capacity 43588K, committed 43904K, reserved 1087488K
  class space    used 5832K, capacity 6162K, committed 6272K, reserved 1048576K
GC Heap History (10 events):
Event: 35.640 GC heap before
{Heap before GC invocations=13 (full 2):
 PSYoungGen      total 124928K, used 124867K [0x00000000e0000000, 0x00000000e8d00000, 0x0000000100000000)
  eden space 115712K, 100% used [0x00000000e0000000,0x00000000e7100000,0x00000000e7100000)
  from space 9216K, 99% used [0x00000000e8400000,0x00000000e8cf0fd0,0x00000000e8d00000)
  to   space 12800K, 0% used [0x00000000e7400000,0x00000000e7400000,0x00000000e8080000)
 ParOldGen       total 78848K, used 17840K [0x00000000a0000000, 0x00000000a4d00000, 0x00000000e0000000)
  object space 78848K, 22% used [0x00000000a0000000,0x00000000a116c0c8,0x00000000a4d00000)
 Metaspace       used 42475K, capacity 43576K, committed 43904K, reserved 1087488K
  class space    used 5831K, capacity 6160K, committed 6272K, reserved 1048576K
Event: 35.656 GC heap after
Heap after GC invocations=13 (full 2):
 PSYoungGen      total 131584K, used 5920K [0x00000000e0000000, 0x00000000eac00000, 0x0000000100000000)
  eden space 118784K, 0% used [0x00000000e0000000,0x00000000e0000000,0x00000000e7400000)
  from space 12800K, 46% used [0x00000000e7400000,0x00000000e79c82f0,0x00000000e8080000)
  to   space 12288K, 0% used [0x00000000ea000000,0x00000000ea000000,0x00000000eac00000)
 ParOldGen       total 78848K, used 23204K [0x00000000a0000000, 0x00000000a4d00000, 0x00000000e0000000)
  object space 78848K, 29% used [0x00000000a0000000,0x00000000a16a9158,0x00000000a4d00000)
 Metaspace       used 42475K, capacity 43576K, committed 43904K, reserved 1087488K
  class space    used 5831K, capacity 6160K, committed 6272K, reserved 1048576K
}
Event: 42.425 GC heap before
{Heap before GC invocations=14 (full 2):
 PSYoungGen      total 131584K, used 124704K [0x00000000e0000000, 0x00000000eac00000, 0x0000000100000000)
  eden space 118784K, 100% used [0x00000000e0000000,0x00000000e7400000,0x00000000e7400000)
  from space 12800K, 46% used [0x00000000e7400000,0x00000000e79c82f0,0x00000000e8080000)
  to   space 12288K, 0% used [0x00000000ea000000,0x00000000ea000000,0x00000000eac00000)
 ParOldGen       total 78848K, used 23204K [0x00000000a0000000, 0x00000000a4d00000, 0x00000000e0000000)
  object space 78848K, 29% used [0x00000000a0000000,0x00000000a16a9158,0x00000000a4d00000)
 Metaspace       used 42476K, capacity 43576K, committed 43904K, reserved 1087488K
  class space    used 5831K, capacity 6160K, committed 6272K, reserved 1048576K
Event: 42.432 GC heap after
Heap after GC invocations=14 (full 2):
 PSYoungGen      total 163328K, used 160K [0x00000000e0000000, 0x00000000eac80000, 0x0000000100000000)
  eden space 151040K, 0% used [0x00000000e0000000,0x00000000e0000000,0x00000000e9380000)
  from space 12288K, 1% used [0x00000000ea000000,0x00000000ea028000,0x00000000eac00000)
  to   space 12800K, 0% used [0x00000000e9380000,0x00000000e9380000,0x00000000ea000000)
 ParOldGen       total 78848K, used 27396K [0x00000000a0000000, 0x00000000a4d00000, 0x00000000e0000000)
  object space 78848K, 34% used [0x00000000a0000000,0x00000000a1ac1198,0x00000000a4d00000)
 Metaspace       used 42476K, capacity 43576K, committed 43904K, reserved 1087488K
  class space    used 5831K, capacity 6160K, committed 6272K, reserved 1048576K
}
Event: 52.230 GC heap before
{Heap before GC invocations=15 (full 2):
 PSYoungGen      total 163328K, used 151200K [0x00000000e0000000, 0x00000000eac80000, 0x0000000100000000)
  eden space 151040K, 100% used [0x00000000e0000000,0x00000000e9380000,0x00000000e9380000)
  from space 12288K, 1% used [0x00000000ea000000,0x00000000ea028000,0x00000000eac00000)
  to   space 12800K, 0% used [0x00000000e9380000,0x00000000e9380000,0x00000000ea000000)
 ParOldGen       total 78848K, used 27396K [0x00000000a0000000, 0x00000000a4d00000, 0x00000000e0000000)
  object space 78848K, 34% used [0x00000000a0000000,0x00000000a1ac1198,0x00000000a4d00000)
 Metaspace       used 42476K, capacity 43576K, committed 43904K, reserved 1087488K
  class space    used 5831K, capacity 6160K, committed 6272K, reserved 1048576K
Event: 52.232 GC heap after
Heap after GC invocations=15 (full 2):
 PSYoungGen      total 163840K, used 128K [0x00000000e0000000, 0x00000000ecf80000, 0x0000000100000000)
  eden space 151040K, 0% used [0x00000000e0000000,0x00000000e0000000,0x00000000e9380000)
  from space 12800K, 1% used [0x00000000e9380000,0x00000000e93a0000,0x00000000ea000000)
  to   space 13312K, 0% used [0x00000000ec280000,0x00000000ec280000,0x00000000ecf80000)
 ParOldGen       total 78848K, used 27396K [0x00000000a0000000, 0x00000000a4d00000, 0x00000000e0000000)
  object space 78848K, 34% used [0x00000000a0000000,0x00000000a1ac1198,0x00000000a4d00000)
 Metaspace       used 42476K, capacity 43576K, committed 43904K, reserved 1087488K
  class space    used 5831K, capacity 6160K, committed 6272K, reserved 1048576K
}
Event: 65.138 GC heap before
{Heap before GC invocations=16 (full 2):
 PSYoungGen      total 163840K, used 151168K [0x00000000e0000000, 0x00000000ecf80000, 0x0000000100000000)
  eden space 151040K, 100% used [0x00000000e0000000,0x00000000e9380000,0x00000000e9380000)
  from space 12800K, 1% used [0x00000000e9380000,0x00000000e93a0000,0x00000000ea000000)
  to   space 13312K, 0% used [0x00000000ec280000,0x00000000ec280000,0x00000000ecf80000)
 ParOldGen       total 78848K, used 27396K [0x00000000a0000000, 0x00000000a4d00000, 0x00000000e0000000)
  object space 78848K, 34% used [0x00000000a0000000,0x00000000a1ac1198,0x00000000a4d00000)
 Metaspace       used 42478K, capacity 43582K, committed 43904K, reserved 1087488K
  class space    used 5832K, capacity 6161K, committed 6272K, reserved 1048576K
Event: 65.140 GC heap after
Heap after GC invocations=16 (full 2):
 PSYoungGen      total 186880K, used 224K [0x00000000e0000000, 0x00000000ec980000, 0x0000000100000000)
  eden space 179712K, 0% used [0x00000000e0000000,0x00000000e0000000,0x00000000eaf80000)
  from space 7168K, 3% used [0x00000000ec280000,0x00000000ec2b8000,0x00000000ec980000)
  to   space 13312K, 0% used [0x00000000eaf80000,0x00000000eaf80000,0x00000000ebc80000)
 ParOldGen       total 78848K, used 27396K [0x00000000a0000000, 0x00000000a4d00000, 0x00000000e0000000)
  object space 78848K, 34% used [0x00000000a0000000,0x00000000a1ac1198,0x00000000a4d00000)
 Metaspace       used 42478K, capacity 43582K, committed 43904K, reserved 1087488K
  class space    used 5832K, capacity 6161K, committed 6272K, reserved 1048576K
}
Event: 76.943 GC heap before
{Heap before GC invocations=17 (full 2):
 PSYoungGen      total 186880K, used 179936K [0x00000000e0000000, 0x00000000ec980000, 0x0000000100000000)
  eden space 179712K, 100% used [0x00000000e0000000,0x00000000eaf80000,0x00000000eaf80000)
  from space 7168K, 3% used [0x00000000ec280000,0x00000000ec2b8000,0x00000000ec980000)
  to   space 13312K, 0% used [0x00000000eaf80000,0x00000000eaf80000,0x00000000ebc80000)
 ParOldGen       total 78848K, used 27396K [0x00000000a0000000, 0x00000000a4d00000, 0x00000000e0000000)
  object space 78848K, 34% used [0x00000000a0000000,0x00000000a1ac1198,0x00000000a4d00000)
 Metaspace       used 42483K, capacity 43588K, committed 43904K, reserved 1087488K
  class space    used 5832K, capacity 6162K, committed 6272K, reserved 1048576K
Event: 76.980 GC heap after
Heap after GC invocations=17 (full 2):
 PSYoungGen      total 193024K, used 160K [0x00000000e0000000, 0x00000000ec980000, 0x0000000100000000)
  eden space 179712K, 0% used [0x00000000e0000000,0x00000000e0000000,0x00000000eaf80000)
  from space 13312K, 1% used [0x00000000eaf80000,0x00000000eafa8000,0x00000000ebc80000)
  to   space 7168K, 0% used [0x00000000ec280000,0x00000000ec280000,0x00000000ec980000)
 ParOldGen       total 78848K, used 27396K [0x00000000a0000000, 0x00000000a4d00000, 0x00000000e0000000)
  object space 78848K, 34% used [0x00000000a0000000,0x00000000a1ac1198,0x00000000a4d00000)
 Metaspace       used 42483K, capacity 43588K, committed 43904K, reserved 1087488K
  class space    used 5832K, capacity 6162K, committed 6272K, reserved 1048576K
}

