# JRE version: OpenJDK Runtime Environment (8.0_152-b02) (build 1.8.0_152-release-1024-b02)
# Java VM: OpenJDK 64-Bit Server VM (25.152-b02 mixed mode windows-amd64 compressed oops)
Heap:
 PSYoungGen      total 418304K, used 110626K [0x00000000e0000000, 0x0000000100000000, 0x0000000100000000)
  eden space 378880K, 27% used [0x00000000e0000000,0x00000000e65325a8,0x00000000f7200000)
  from space 39424K, 17% used [0x00000000f7200000,0x00000000f78d6550,0x00000000f9880000)
  to   space 37888K, 0% used [0x00000000fdb00000,0x00000000fdb00000,0x0000000100000000)
 ParOldGen       total 126464K, used 80696K [0x00000000a0000000, 0x00000000a7b80000, 0x00000000e0000000)
  object space 126464K, 63% used [0x00000000a0000000,0x00000000a4ece258,0x00000000a7b80000)
 Metaspace       used 80210K, capacity 83634K, committed 83928K, reserved 1122304K
  class space    used 10262K, capacity 10942K, committed 11008K, reserved 1048576K
GC Heap History (10 events):
Event: 170.369 GC heap before
{Heap before GC invocations=30 (full 3):
 PSYoungGen      total 270848K, used 270503K [0x00000000e0000000, 0x00000000f4700000, 0x0000000100000000)
  eden space 238592K, 99% used [0x00000000e0000000,0x00000000ee8aabb0,0x00000000ee900000)
  from space 32256K, 99% used [0x00000000f1000000,0x00000000f2f7f148,0x00000000f2f80000)
  to   space 39936K, 0% used [0x00000000ee900000,0x00000000ee900000,0x00000000f1000000)
 ParOldGen       total 126464K, used 60209K [0x00000000a0000000, 0x00000000a7b80000, 0x00000000e0000000)
  object space 126464K, 47% used [0x00000000a0000000,0x00000000a3acc448,0x00000000a7b80000)
 Metaspace       used 76219K, capacity 79200K, committed 79448K, reserved 1118208K
  class space    used 9912K, capacity 10539K, committed 10624K, reserved 1048576K
Event: 170.427 GC heap after
Heap after GC invocations=30 (full 3):
 PSYoungGen      total 278528K, used 28253K [0x00000000e0000000, 0x00000000f7d80000, 0x0000000100000000)
  eden space 238592K, 0% used [0x00000000e0000000,0x00000000e0000000,0x00000000ee900000)
  from space 39936K, 70% used [0x00000000ee900000,0x00000000f04974f0,0x00000000f1000000)
  to   space 43008K, 0% used [0x00000000f5380000,0x00000000f5380000,0x00000000f7d80000)
 ParOldGen       total 126464K, used 60217K [0x00000000a0000000, 0x00000000a7b80000, 0x00000000e0000000)
  object space 126464K, 47% used [0x00000000a0000000,0x00000000a3ace448,0x00000000a7b80000)
 Metaspace       used 76219K, capacity 79200K, committed 79448K, reserved 1118208K
  class space    used 9912K, capacity 10539K, committed 10624K, reserved 1048576K
}
Event: 883.487 GC heap before
{Heap before GC invocations=31 (full 3):
 PSYoungGen      total 278528K, used 266845K [0x00000000e0000000, 0x00000000f7d80000, 0x0000000100000000)
  eden space 238592K, 100% used [0x00000000e0000000,0x00000000ee900000,0x00000000ee900000)
  from space 39936K, 70% used [0x00000000ee900000,0x00000000f04974f0,0x00000000f1000000)
  to   space 43008K, 0% used [0x00000000f5380000,0x00000000f5380000,0x00000000f7d80000)
 ParOldGen       total 126464K, used 60217K [0x00000000a0000000, 0x00000000a7b80000, 0x00000000e0000000)
  object space 126464K, 47% used [0x00000000a0000000,0x00000000a3ace448,0x00000000a7b80000)
 Metaspace       used 79339K, capacity 82484K, committed 82648K, reserved 1120256K
  class space    used 10233K, capacity 10893K, committed 11008K, reserved 1048576K
Event: 883.527 GC heap after
Heap after GC invocations=31 (full 3):
 PSYoungGen      total 340480K, used 10380K [0x00000000e0000000, 0x00000000f7800000, 0x0000000100000000)
  eden space 303104K, 0% used [0x00000000e0000000,0x00000000e0000000,0x00000000f2800000)
  from space 37376K, 27% used [0x00000000f5380000,0x00000000f5da3128,0x00000000f7800000)
  to   space 40960K, 0% used [0x00000000f2800000,0x00000000f2800000,0x00000000f5000000)
 ParOldGen       total 126464K, used 71531K [0x00000000a0000000, 0x00000000a7b80000, 0x00000000e0000000)
  object space 126464K, 56% used [0x00000000a0000000,0x00000000a45dac80,0x00000000a7b80000)
 Metaspace       used 79339K, capacity 82484K, committed 82648K, reserved 1120256K
  class space    used 10233K, capacity 10893K, committed 11008K, reserved 1048576K
}
Event: 895.141 GC heap before
{Heap before GC invocations=32 (full 3):
 PSYoungGen      total 340480K, used 313484K [0x00000000e0000000, 0x00000000f7800000, 0x0000000100000000)
  eden space 303104K, 100% used [0x00000000e0000000,0x00000000f2800000,0x00000000f2800000)
  from space 37376K, 27% used [0x00000000f5380000,0x00000000f5da3128,0x00000000f7800000)
  to   space 40960K, 0% used [0x00000000f2800000,0x00000000f2800000,0x00000000f5000000)
 ParOldGen       total 126464K, used 71531K [0x00000000a0000000, 0x00000000a7b80000, 0x00000000e0000000)
  object space 126464K, 56% used [0x00000000a0000000,0x00000000a45dac80,0x00000000a7b80000)
 Metaspace       used 79465K, capacity 82654K, committed 82904K, reserved 1122304K
  class space    used 10237K, capacity 10900K, committed 11008K, reserved 1048576K
Event: 895.156 GC heap after
Heap after GC invocations=32 (full 3):
 PSYoungGen      total 344064K, used 3344K [0x00000000e0000000, 0x00000000fc480000, 0x0000000100000000)
  eden space 303104K, 0% used [0x00000000e0000000,0x00000000e0000000,0x00000000f2800000)
  from space 40960K, 8% used [0x00000000f2800000,0x00000000f2b44020,0x00000000f5000000)
  to   space 40448K, 0% used [0x00000000f9d00000,0x00000000f9d00000,0x00000000fc480000)
 ParOldGen       total 126464K, used 77535K [0x00000000a0000000, 0x00000000a7b80000, 0x00000000e0000000)
  object space 126464K, 61% used [0x00000000a0000000,0x00000000a4bb7ff0,0x00000000a7b80000)
 Metaspace       used 79465K, capacity 82654K, committed 82904K, reserved 1122304K
  class space    used 10237K, capacity 10900K, committed 11008K, reserved 1048576K
}
Event: 906.157 GC heap before
{Heap before GC invocations=33 (full 3):
 PSYoungGen      total 344064K, used 306448K [0x00000000e0000000, 0x00000000fc480000, 0x0000000100000000)
  eden space 303104K, 100% used [0x00000000e0000000,0x00000000f2800000,0x00000000f2800000)
  from space 40960K, 8% used [0x00000000f2800000,0x00000000f2b44020,0x00000000f5000000)
  to   space 40448K, 0% used [0x00000000f9d00000,0x00000000f9d00000,0x00000000fc480000)
 ParOldGen       total 126464K, used 77535K [0x00000000a0000000, 0x00000000a7b80000, 0x00000000e0000000)
  object space 126464K, 61% used [0x00000000a0000000,0x00000000a4bb7ff0,0x00000000a7b80000)
 Metaspace       used 79466K, capacity 82654K, committed 82904K, reserved 1122304K
  class space    used 10237K, capacity 10900K, committed 11008K, reserved 1048576K
Event: 906.164 GC heap after
Heap after GC invocations=33 (full 3):
 PSYoungGen      total 413696K, used 2960K [0x00000000e0000000, 0x00000000fbf00000, 0x0000000100000000)
  eden space 378880K, 0% used [0x00000000e0000000,0x00000000e0000000,0x00000000f7200000)
  from space 34816K, 8% used [0x00000000f9d00000,0x00000000f9fe4020,0x00000000fbf00000)
  to   space 39424K, 0% used [0x00000000f7200000,0x00000000f7200000,0x00000000f9880000)
 ParOldGen       total 126464K, used 77895K [0x00000000a0000000, 0x00000000a7b80000, 0x00000000e0000000)
  object space 126464K, 61% used [0x00000000a0000000,0x00000000a4c11ff0,0x00000000a7b80000)
 Metaspace       used 79466K, capacity 82654K, committed 82904K, reserved 1122304K
  class space    used 10237K, capacity 10900K, committed 11008K, reserved 1048576K
}
Event: 925.491 GC heap before
{Heap before GC invocations=34 (full 3):
 PSYoungGen      total 413696K, used 381610K [0x00000000e0000000, 0x00000000fbf00000, 0x0000000100000000)
  eden space 378880K, 99% used [0x00000000e0000000,0x00000000f71c6aa8,0x00000000f7200000)
  from space 34816K, 8% used [0x00000000f9d00000,0x00000000f9fe4020,0x00000000fbf00000)
  to   space 39424K, 0% used [0x00000000f7200000,0x00000000f7200000,0x00000000f9880000)
 ParOldGen       total 126464K, used 77895K [0x00000000a0000000, 0x00000000a7b80000, 0x00000000e0000000)
  object space 126464K, 61% used [0x00000000a0000000,0x00000000a4c11ff0,0x00000000a7b80000)
 Metaspace       used 80167K, capacity 83548K, committed 83672K, reserved 1122304K
  class space    used 10260K, capacity 10939K, committed 11008K, reserved 1048576K
Event: 925.570 GC heap after
Heap after GC invocations=34 (full 3):
 PSYoungGen      total 418304K, used 7001K [0x00000000e0000000, 0x0000000100000000, 0x0000000100000000)
  eden space 378880K, 0% used [0x00000000e0000000,0x00000000e0000000,0x00000000f7200000)
  from space 39424K, 17% used [0x00000000f7200000,0x00000000f78d6550,0x00000000f9880000)
  to   space 37888K, 0% used [0x00000000fdb00000,0x00000000fdb00000,0x0000000100000000)
 ParOldGen       total 126464K, used 80696K [0x00000000a0000000, 0x00000000a7b80000, 0x00000000e0000000)
  object space 126464K, 63% used [0x00000000a0000000,0x00000000a4ece258,0x00000000a7b80000)
 Metaspace       used 80167K, capacity 83548K, committed 83672K, reserved 1122304K
  class space    used 10260K, capacity 10939K, committed 11008K, reserved 1048576K
}

