# JRE version: OpenJDK Runtime Environment (8.0_152-b02) (build 1.8.0_152-release-1024-b02)
# Java VM: OpenJDK 64-Bit Server VM (25.152-b02 mixed mode windows-amd64 compressed oops)
Heap:
 PSYoungGen      total 85504K, used 2740K [0x00000000e0000000, 0x00000000e7a00000, 0x0000000100000000)
  eden space 73728K, 3% used [0x00000000e0000000,0x00000000e02ad130,0x00000000e4800000)
  from space 11776K, 0% used [0x00000000e4800000,0x00000000e4800000,0x00000000e5380000)
  to   space 12288K, 0% used [0x00000000e6e00000,0x00000000e6e00000,0x00000000e7a00000)
 ParOldGen       total 59392K, used 17928K [0x00000000a0000000, 0x00000000a3a00000, 0x00000000e0000000)
  object space 59392K, 30% used [0x00000000a0000000,0x00000000a1182280,0x00000000a3a00000)
 Metaspace       used 34981K, capacity 35806K, committed 35968K, reserved 1079296K
  class space    used 4877K, capacity 5132K, committed 5248K, reserved 1048576K
GC Heap History (10 events):
Event: 7.941 GC heap before
{Heap before GC invocations=7 (full 1):
 PSYoungGen      total 34304K, used 29696K [0x00000000e0000000, 0x00000000e4e00000, 0x0000000100000000)
  eden space 29696K, 100% used [0x00000000e0000000,0x00000000e1d00000,0x00000000e1d00000)
  from space 4608K, 0% used [0x00000000e1d00000,0x00000000e1d00000,0x00000000e2180000)
  to   space 10240K, 0% used [0x00000000e4400000,0x00000000e4400000,0x00000000e4e00000)
 ParOldGen       total 59392K, used 9413K [0x00000000a0000000, 0x00000000a3a00000, 0x00000000e0000000)
  object space 59392K, 15% used [0x00000000a0000000,0x00000000a0931408,0x00000000a3a00000)
 Metaspace       used 23504K, capacity 23988K, committed 24192K, reserved 1071104K
  class space    used 3218K, capacity 3371K, committed 3456K, reserved 1048576K
Event: 7.961 GC heap after
Heap after GC invocations=7 (full 1):
 PSYoungGen      total 50688K, used 3258K [0x00000000e0000000, 0x00000000e4780000, 0x0000000100000000)
  eden space 47104K, 0% used [0x00000000e0000000,0x00000000e0000000,0x00000000e2e00000)
  from space 3584K, 90% used [0x00000000e4400000,0x00000000e472ea88,0x00000000e4780000)
  to   space 10752K, 0% used [0x00000000e3280000,0x00000000e3280000,0x00000000e3d00000)
 ParOldGen       total 59392K, used 9421K [0x00000000a0000000, 0x00000000a3a00000, 0x00000000e0000000)
  object space 59392K, 15% used [0x00000000a0000000,0x00000000a0933408,0x00000000a3a00000)
 Metaspace       used 23504K, capacity 23988K, committed 24192K, reserved 1071104K
  class space    used 3218K, capacity 3371K, committed 3456K, reserved 1048576K
}
Event: 9.101 GC heap before
{Heap before GC invocations=8 (full 1):
 PSYoungGen      total 50688K, used 50362K [0x00000000e0000000, 0x00000000e4780000, 0x0000000100000000)
  eden space 47104K, 100% used [0x00000000e0000000,0x00000000e2e00000,0x00000000e2e00000)
  from space 3584K, 90% used [0x00000000e4400000,0x00000000e472ea88,0x00000000e4780000)
  to   space 10752K, 0% used [0x00000000e3280000,0x00000000e3280000,0x00000000e3d00000)
 ParOldGen       total 59392K, used 9421K [0x00000000a0000000, 0x00000000a3a00000, 0x00000000e0000000)
  object space 59392K, 15% used [0x00000000a0000000,0x00000000a0933408,0x00000000a3a00000)
 Metaspace       used 27050K, capacity 27736K, committed 28032K, reserved 1073152K
  class space    used 3707K, capacity 3886K, committed 3968K, reserved 1048576K
Event: 9.118 GC heap after
Heap after GC invocations=8 (full 1):
 PSYoungGen      total 62464K, used 6852K [0x00000000e0000000, 0x00000000e5d80000, 0x0000000100000000)
  eden space 51712K, 0% used [0x00000000e0000000,0x00000000e0000000,0x00000000e3280000)
  from space 10752K, 63% used [0x00000000e3280000,0x00000000e39310b8,0x00000000e3d00000)
  to   space 10240K, 0% used [0x00000000e5380000,0x00000000e5380000,0x00000000e5d80000)
 ParOldGen       total 59392K, used 9429K [0x00000000a0000000, 0x00000000a3a00000, 0x00000000e0000000)
  object space 59392K, 15% used [0x00000000a0000000,0x00000000a0935408,0x00000000a3a00000)
 Metaspace       used 27050K, capacity 27736K, committed 28032K, reserved 1073152K
  class space    used 3707K, capacity 3886K, committed 3968K, reserved 1048576K
}
Event: 10.594 GC heap before
{Heap before GC invocations=9 (full 1):
 PSYoungGen      total 62464K, used 58564K [0x00000000e0000000, 0x00000000e5d80000, 0x0000000100000000)
  eden space 51712K, 100% used [0x00000000e0000000,0x00000000e3280000,0x00000000e3280000)
  from space 10752K, 63% used [0x00000000e3280000,0x00000000e39310b8,0x00000000e3d00000)
  to   space 10240K, 0% used [0x00000000e5380000,0x00000000e5380000,0x00000000e5d80000)
 ParOldGen       total 59392K, used 9429K [0x00000000a0000000, 0x00000000a3a00000, 0x00000000e0000000)
  object space 59392K, 15% used [0x00000000a0000000,0x00000000a0935408,0x00000000a3a00000)
 Metaspace       used 30266K, capacity 30908K, committed 31104K, reserved 1075200K
  class space    used 4256K, capacity 4453K, committed 4480K, reserved 1048576K
Event: 10.616 GC heap after
Heap after GC invocations=9 (full 1):
 PSYoungGen      total 83968K, used 9850K [0x00000000e0000000, 0x00000000e6800000, 0x0000000100000000)
  eden space 73728K, 0% used [0x00000000e0000000,0x00000000e0000000,0x00000000e4800000)
  from space 10240K, 96% used [0x00000000e5380000,0x00000000e5d1ea68,0x00000000e5d80000)
  to   space 11776K, 0% used [0x00000000e4800000,0x00000000e4800000,0x00000000e5380000)
 ParOldGen       total 59392K, used 9437K [0x00000000a0000000, 0x00000000a3a00000, 0x00000000e0000000)
  object space 59392K, 15% used [0x00000000a0000000,0x00000000a0937408,0x00000000a3a00000)
 Metaspace       used 30266K, capacity 30908K, committed 31104K, reserved 1075200K
  class space    used 4256K, capacity 4453K, committed 4480K, reserved 1048576K
}
Event: 11.768 GC heap before
{Heap before GC invocations=10 (full 1):
 PSYoungGen      total 83968K, used 44422K [0x00000000e0000000, 0x00000000e6800000, 0x0000000100000000)
  eden space 73728K, 46% used [0x00000000e0000000,0x00000000e21c2f38,0x00000000e4800000)
  from space 10240K, 96% used [0x00000000e5380000,0x00000000e5d1ea68,0x00000000e5d80000)
  to   space 11776K, 0% used [0x00000000e4800000,0x00000000e4800000,0x00000000e5380000)
 ParOldGen       total 59392K, used 9437K [0x00000000a0000000, 0x00000000a3a00000, 0x00000000e0000000)
  object space 59392K, 15% used [0x00000000a0000000,0x00000000a0937408,0x00000000a3a00000)
 Metaspace       used 34549K, capacity 35326K, committed 35416K, reserved 1079296K
  class space    used 4834K, capacity 5100K, committed 5120K, reserved 1048576K
Event: 11.782 GC heap after
Heap after GC invocations=10 (full 1):
 PSYoungGen      total 85504K, used 9616K [0x00000000e0000000, 0x00000000e7a00000, 0x0000000100000000)
  eden space 73728K, 0% used [0x00000000e0000000,0x00000000e0000000,0x00000000e4800000)
  from space 11776K, 81% used [0x00000000e4800000,0x00000000e5164168,0x00000000e5380000)
  to   space 12288K, 0% used [0x00000000e6e00000,0x00000000e6e00000,0x00000000e7a00000)
 ParOldGen       total 59392K, used 11005K [0x00000000a0000000, 0x00000000a3a00000, 0x00000000e0000000)
  object space 59392K, 18% used [0x00000000a0000000,0x00000000a0abf5b8,0x00000000a3a00000)
 Metaspace       used 34549K, capacity 35326K, committed 35416K, reserved 1079296K
  class space    used 4834K, capacity 5100K, committed 5120K, reserved 1048576K
}
Event: 11.782 GC heap before
{Heap before GC invocations=11 (full 2):
 PSYoungGen      total 85504K, used 9616K [0x00000000e0000000, 0x00000000e7a00000, 0x0000000100000000)
  eden space 73728K, 0% used [0x00000000e0000000,0x00000000e0000000,0x00000000e4800000)
  from space 11776K, 81% used [0x00000000e4800000,0x00000000e5164168,0x00000000e5380000)
  to   space 12288K, 0% used [0x00000000e6e00000,0x00000000e6e00000,0x00000000e7a00000)
 ParOldGen       total 59392K, used 11005K [0x00000000a0000000, 0x00000000a3a00000, 0x00000000e0000000)
  object space 59392K, 18% used [0x00000000a0000000,0x00000000a0abf5b8,0x00000000a3a00000)
 Metaspace       used 34549K, capacity 35326K, committed 35416K, reserved 1079296K
  class space    used 4834K, capacity 5100K, committed 5120K, reserved 1048576K
Event: 11.887 GC heap after
Heap after GC invocations=11 (full 2):
 PSYoungGen      total 85504K, used 0K [0x00000000e0000000, 0x00000000e7a00000, 0x0000000100000000)
  eden space 73728K, 0% used [0x00000000e0000000,0x00000000e0000000,0x00000000e4800000)
  from space 11776K, 0% used [0x00000000e4800000,0x00000000e4800000,0x00000000e5380000)
  to   space 12288K, 0% used [0x00000000e6e00000,0x00000000e6e00000,0x00000000e7a00000)
 ParOldGen       total 59392K, used 17928K [0x00000000a0000000, 0x00000000a3a00000, 0x00000000e0000000)
  object space 59392K, 30% used [0x00000000a0000000,0x00000000a1182280,0x00000000a3a00000)
 Metaspace       used 34549K, capacity 35326K, committed 35416K, reserved 1079296K
  class space    used 4834K, capacity 5100K, committed 5120K, reserved 1048576K
}

