# JRE version: OpenJDK Runtime Environment (8.0_152-b02) (build 1.8.0_152-release-1024-b02)
# Java VM: OpenJDK 64-Bit Server VM (25.152-b02 mixed mode windows-amd64 compressed oops)
Heap:
 PSYoungGen      total 34304K, used 8475K [0x00000000e0000000, 0x00000000e2600000, 0x0000000100000000)
  eden space 29696K, 13% used [0x00000000e0000000,0x00000000e03c88d8,0x00000000e1d00000)
  from space 4608K, 99% used [0x00000000e2180000,0x00000000e25fe660,0x00000000e2600000)
  to   space 4608K, 0% used [0x00000000e1d00000,0x00000000e1d00000,0x00000000e2180000)
 ParOldGen       total 77824K, used 5619K [0x00000000a0000000, 0x00000000a4c00000, 0x00000000e0000000)
  object space 77824K, 7% used [0x00000000a0000000,0x00000000a057cca0,0x00000000a4c00000)
 Metaspace       used 16549K, capacity 16930K, committed 17152K, reserved 1064960K
  class space    used 2354K, capacity 2479K, committed 2560K, reserved 1048576K
GC Heap History (8 events):
Event: 2.369 GC heap before
{Heap before GC invocations=1 (full 0):
 PSYoungGen      total 34304K, used 29696K [0x00000000e0000000, 0x00000000e2600000, 0x0000000100000000)
  eden space 29696K, 100% used [0x00000000e0000000,0x00000000e1d00000,0x00000000e1d00000)
  from space 4608K, 0% used [0x00000000e2180000,0x00000000e2180000,0x00000000e2600000)
  to   space 4608K, 0% used [0x00000000e1d00000,0x00000000e1d00000,0x00000000e2180000)
 ParOldGen       total 77824K, used 0K [0x00000000a0000000, 0x00000000a4c00000, 0x00000000e0000000)
  object space 77824K, 0% used [0x00000000a0000000,0x00000000a0000000,0x00000000a4c00000)
 Metaspace       used 6950K, capacity 7194K, committed 7424K, reserved 1056768K
  class space    used 846K, capacity 911K, committed 1024K, reserved 1048576K
Event: 2.378 GC heap after
Heap after GC invocations=1 (full 0):
 PSYoungGen      total 34304K, used 4400K [0x00000000e0000000, 0x00000000e2600000, 0x0000000100000000)
  eden space 29696K, 0% used [0x00000000e0000000,0x00000000e0000000,0x00000000e1d00000)
  from space 4608K, 95% used [0x00000000e1d00000,0x00000000e214c090,0x00000000e2180000)
  to   space 4608K, 0% used [0x00000000e2180000,0x00000000e2180000,0x00000000e2600000)
 ParOldGen       total 77824K, used 8K [0x00000000a0000000, 0x00000000a4c00000, 0x00000000e0000000)
  object space 77824K, 0% used [0x00000000a0000000,0x00000000a0002000,0x00000000a4c00000)
 Metaspace       used 6950K, capacity 7194K, committed 7424K, reserved 1056768K
  class space    used 846K, capacity 911K, committed 1024K, reserved 1048576K
}
Event: 3.074 GC heap before
{Heap before GC invocations=2 (full 0):
 PSYoungGen      total 34304K, used 34096K [0x00000000e0000000, 0x00000000e2600000, 0x0000000100000000)
  eden space 29696K, 100% used [0x00000000e0000000,0x00000000e1d00000,0x00000000e1d00000)
  from space 4608K, 95% used [0x00000000e1d00000,0x00000000e214c090,0x00000000e2180000)
  to   space 4608K, 0% used [0x00000000e2180000,0x00000000e2180000,0x00000000e2600000)
 ParOldGen       total 77824K, used 8K [0x00000000a0000000, 0x00000000a4c00000, 0x00000000e0000000)
  object space 77824K, 0% used [0x00000000a0000000,0x00000000a0002000,0x00000000a4c00000)
 Metaspace       used 9232K, capacity 9614K, committed 9856K, reserved 1058816K
  class space    used 1207K, capacity 1329K, committed 1408K, reserved 1048576K
Event: 3.080 GC heap after
Heap after GC invocations=2 (full 0):
 PSYoungGen      total 34304K, used 4600K [0x00000000e0000000, 0x00000000e2600000, 0x0000000100000000)
  eden space 29696K, 0% used [0x00000000e0000000,0x00000000e0000000,0x00000000e1d00000)
  from space 4608K, 99% used [0x00000000e2180000,0x00000000e25fe338,0x00000000e2600000)
  to   space 4608K, 0% used [0x00000000e1d00000,0x00000000e1d00000,0x00000000e2180000)
 ParOldGen       total 77824K, used 24K [0x00000000a0000000, 0x00000000a4c00000, 0x00000000e0000000)
  object space 77824K, 0% used [0x00000000a0000000,0x00000000a0006000,0x00000000a4c00000)
 Metaspace       used 9232K, capacity 9614K, committed 9856K, reserved 1058816K
  class space    used 1207K, capacity 1329K, committed 1408K, reserved 1048576K
}
Event: 7.419 GC heap before
{Heap before GC invocations=3 (full 0):
 PSYoungGen      total 34304K, used 34296K [0x00000000e0000000, 0x00000000e2600000, 0x0000000100000000)
  eden space 29696K, 100% used [0x00000000e0000000,0x00000000e1d00000,0x00000000e1d00000)
  from space 4608K, 99% used [0x00000000e2180000,0x00000000e25fe338,0x00000000e2600000)
  to   space 4608K, 0% used [0x00000000e1d00000,0x00000000e1d00000,0x00000000e2180000)
 ParOldGen       total 77824K, used 24K [0x00000000a0000000, 0x00000000a4c00000, 0x00000000e0000000)
  object space 77824K, 0% used [0x00000000a0000000,0x00000000a0006000,0x00000000a4c00000)
 Metaspace       used 13302K, capacity 13726K, committed 13824K, reserved 1060864K
  class space    used 1821K, capacity 1965K, committed 2048K, reserved 1048576K
Event: 7.434 GC heap after
Heap after GC invocations=3 (full 0):
 PSYoungGen      total 34304K, used 4590K [0x00000000e0000000, 0x00000000e2600000, 0x0000000100000000)
  eden space 29696K, 0% used [0x00000000e0000000,0x00000000e0000000,0x00000000e1d00000)
  from space 4608K, 99% used [0x00000000e1d00000,0x00000000e217bb98,0x00000000e2180000)
  to   space 4608K, 0% used [0x00000000e2180000,0x00000000e2180000,0x00000000e2600000)
 ParOldGen       total 77824K, used 2033K [0x00000000a0000000, 0x00000000a4c00000, 0x00000000e0000000)
  object space 77824K, 2% used [0x00000000a0000000,0x00000000a01fc470,0x00000000a4c00000)
 Metaspace       used 13302K, capacity 13726K, committed 13824K, reserved 1060864K
  class space    used 1821K, capacity 1965K, committed 2048K, reserved 1048576K
}
Event: 8.512 GC heap before
{Heap before GC invocations=4 (full 0):
 PSYoungGen      total 34304K, used 34286K [0x00000000e0000000, 0x00000000e2600000, 0x0000000100000000)
  eden space 29696K, 100% used [0x00000000e0000000,0x00000000e1d00000,0x00000000e1d00000)
  from space 4608K, 99% used [0x00000000e1d00000,0x00000000e217bb98,0x00000000e2180000)
  to   space 4608K, 0% used [0x00000000e2180000,0x00000000e2180000,0x00000000e2600000)
 ParOldGen       total 77824K, used 2033K [0x00000000a0000000, 0x00000000a4c00000, 0x00000000e0000000)
  object space 77824K, 2% used [0x00000000a0000000,0x00000000a01fc470,0x00000000a4c00000)
 Metaspace       used 16236K, capacity 16642K, committed 16896K, reserved 1062912K
  class space    used 2306K, capacity 2447K, committed 2560K, reserved 1048576K
Event: 8.533 GC heap after
Heap after GC invocations=4 (full 0):
 PSYoungGen      total 34304K, used 4601K [0x00000000e0000000, 0x00000000e2600000, 0x0000000100000000)
  eden space 29696K, 0% used [0x00000000e0000000,0x00000000e0000000,0x00000000e1d00000)
  from space 4608K, 99% used [0x00000000e2180000,0x00000000e25fe660,0x00000000e2600000)
  to   space 4608K, 0% used [0x00000000e1d00000,0x00000000e1d00000,0x00000000e2180000)
 ParOldGen       total 77824K, used 5619K [0x00000000a0000000, 0x00000000a4c00000, 0x00000000e0000000)
  object space 77824K, 7% used [0x00000000a0000000,0x00000000a057cca0,0x00000000a4c00000)
 Metaspace       used 16236K, capacity 16642K, committed 16896K, reserved 1062912K
  class space    used 2306K, capacity 2447K, committed 2560K, reserved 1048576K
}

